<?xml version="1.0" encoding="UTF-8"?>
<!-- Generated by org.testng.reporters.JUnitReportReporter -->
<testsuite hostname="DESKTOP-31G6RU9" failures="0" tests="4" name="com.snl.basicproject.MyTest1" time="240.558" errors="0" timestamp="2024-01-25T23:12:16 IST" skipped="0">
  <testcase classname="com.snl.basicproject.MyTest1" name="TotalLink" time="78.957"/>
  <system-out/>
  <testcase classname="com.snl.basicproject.MyTest1" name="verifygmaiLink" time="38.366"/>
  <system-out/>
  <testcase classname="com.snl.basicproject.MyTest1" name="verifyTitle" time="36.913"/>
  <system-out/>
  <testcase classname="com.snl.basicproject.MyTest1" name="verifylogoimg" time="86.322"/>
  <system-out/>
</testsuite> <!-- com.snl.basicproject.MyTest1 -->
